puzzle/build/intermediates/manifest_merge_blame_file/debug/manifest-merger-blame-debug-report.txt
1<?xml version="1.0" encoding="utf-8"?>
2<manifest xmlns:android="http://schemas.android.com/apk/res/android"
3    package="com.nav.gamepack"
4    android:versionCode="1"
5    android:versionName="1.0" >
6
7    <uses-sdk
8        android:minSdkVersion="24"
8-->src\main\AndroidManifest.xml
9        android:targetSdkVersion="29" />
9-->src\main\AndroidManifest.xml
10
11    <application
11-->src\main\AndroidManifest.xml:7:5-20:19
12        android:icon="@drawable/icon"
12-->src\main\AndroidManifest.xml:8:9-38
13        android:label="@string/app_name" >
13-->src\main\AndroidManifest.xml:9:9-41
14        <activity
14-->src\main\AndroidManifest.xml:10:9-18:20
15            android:name="com.nav.gamepack.GamePackActivity"
15-->src\main\AndroidManifest.xml:11:13-45
16            android:label="@string/app_name"
16-->src\main\AndroidManifest.xml:12:13-45
17            android:screenOrientation="portrait" >
17-->src\main\AndroidManifest.xml:13:13-49
18            <intent-filter>
18-->src\main\AndroidManifest.xml:14:13-17:29
19                <action android:name="android.intent.action.MAIN" />
19-->src\main\AndroidManifest.xml:15:17-69
19-->src\main\AndroidManifest.xml:15:25-66
20
21                <category android:name="android.intent.category.LAUNCHER" />
21-->src\main\AndroidManifest.xml:16:17-77
21-->src\main\AndroidManifest.xml:16:27-74
22            </intent-filter>
23        </activity>
24    </application>
25
26</manifest>